------------------------|---------|----------|---------|---------|----------------------
File                    | % Stmts | % Branch | % Funcs | % Lines | Uncovered Line #s    
------------------------|---------|----------|---------|---------|----------------------
All files               |   49.58 |      100 |   34.37 |   50.86 |                      
 activationFunctions.js |      68 |      100 |   11.11 |   70.83 | 11,15,19,23,27,31,36 
 binaryConverter.js     |     100 |      100 |     100 |     100 |                      
 layer.js               |    8.82 |      100 |       0 |    9.09 | 7-53                 
 nnetwork.js            |      12 |      100 |       0 |   13.04 | 6-35                 
------------------------|---------|----------|---------|---------|----------------------
