------------------------|---------|----------|---------|---------|-------------------
File                    | % Stmts | % Branch | % Funcs | % Lines | Uncovered Line #s 
------------------------|---------|----------|---------|---------|-------------------
All files               |   53.71 |      100 |      50 |   54.31 |                   
 activationFunctions.js |      88 |      100 |   66.66 |    87.5 | 23,27,31          
 binaryConverter.js     |     100 |      100 |     100 |     100 |                   
 layer.js               |    8.82 |      100 |       0 |    9.09 | 7-53              
 nnetwork.js            |      12 |      100 |       0 |   13.04 | 6-35              
------------------------|---------|----------|---------|---------|-------------------
